12:41:39:206[main] INFO  n.parvkhandelwal.JournalApplication - Starting JournalApplication using Java 21.0.10 with PID 5960 (C:\Users\parv1\WorkSpace\journalApp\target\classes started by parv1 in C:\Users\parv1\WorkSpace)
12:41:39:212[main] INFO  n.parvkhandelwal.JournalApplication - No active profile set, falling back to 1 default profile: "default"
12:41:40:781[main] INFO  o.s.d.r.c.RepositoryConfigurationDelegate - Multiple Spring Data modules found, entering strict repository configuration mode
12:41:40:784[main] INFO  o.s.d.r.c.RepositoryConfigurationDelegate - Bootstrapping Spring Data MongoDB repositories in DEFAULT mode.
12:41:41:082[main] INFO  o.s.d.r.c.RepositoryConfigurationDelegate - Finished Spring Data repository scanning in 290 ms. Found 3 MongoDB repository interfaces.
12:41:41:117[main] INFO  o.s.d.r.c.RepositoryConfigurationDelegate - Multiple Spring Data modules found, entering strict repository configuration mode
12:41:41:118[main] INFO  o.s.d.r.c.RepositoryConfigurationDelegate - Bootstrapping Spring Data Redis repositories in DEFAULT mode.
12:41:41:141[main] INFO  o.s.d.r.c.RepositoryConfigurationExtensionSupport - Spring Data Redis - Could not safely identify store assignment for repository candidate interface net.parvkhandelwal.repository.AppCacheRepository; If you want this repository to be a Redis repository, consider annotating your entities with one of these annotations: org.springframework.data.redis.core.RedisHash (preferred), or consider extending one of the following types with your repository: org.springframework.data.keyvalue.repository.KeyValueRepository
12:41:41:142[main] INFO  o.s.d.r.c.RepositoryConfigurationExtensionSupport - Spring Data Redis - Could not safely identify store assignment for repository candidate interface net.parvkhandelwal.repository.TransactionRepository; If you want this repository to be a Redis repository, consider annotating your entities with one of these annotations: org.springframework.data.redis.core.RedisHash (preferred), or consider extending one of the following types with your repository: org.springframework.data.keyvalue.repository.KeyValueRepository
12:41:41:143[main] INFO  o.s.d.r.c.RepositoryConfigurationExtensionSupport - Spring Data Redis - Could not safely identify store assignment for repository candidate interface net.parvkhandelwal.repository.UserRepository; If you want this repository to be a Redis repository, consider annotating your entities with one of these annotations: org.springframework.data.redis.core.RedisHash (preferred), or consider extending one of the following types with your repository: org.springframework.data.keyvalue.repository.KeyValueRepository
12:41:41:143[main] INFO  o.s.d.r.c.RepositoryConfigurationDelegate - Finished Spring Data repository scanning in 10 ms. Found 0 Redis repository interfaces.
12:41:42:119[main] INFO  o.s.b.w.e.tomcat.TomcatWebServer - Tomcat initialized with port 8081 (http)
12:41:42:138[main] INFO  o.a.coyote.http11.Http11NioProtocol - Initializing ProtocolHandler ["http-nio-8081"]
12:41:42:142[main] INFO  o.a.catalina.core.StandardService - Starting service [Tomcat]
12:41:42:142[main] INFO  o.a.catalina.core.StandardEngine - Starting Servlet engine: [Apache Tomcat/10.1.20]
12:41:42:253[main] INFO  o.a.c.c.C.[Tomcat].[localhost].[/] - Initializing Spring embedded WebApplicationContext
12:41:42:253[main] INFO  o.s.b.w.s.c.ServletWebServerApplicationContext - Root WebApplicationContext: initialization completed in 2934 ms
12:41:42:620[main] INFO  org.mongodb.driver.client - MongoClient with metadata {"application": {"name": "Cluster"}, "driver": {"name": "mongo-java-driver|sync|spring-boot", "version": "4.11.2"}, "os": {"type": "Windows", "name": "Windows 11", "architecture": "amd64", "version": "10.0"}, "platform": "Java/Oracle Corporation/21.0.10+8-LTS-217"} created with settings MongoClientSettings{readPreference=primary, writeConcern=WriteConcern{w=null, wTimeout=null ms, journal=null}, retryWrites=true, retryReads=true, readConcern=ReadConcern{level=null}, credential=MongoCredential{mechanism=null, userName='Parv', source='admin', password=<hidden>, mechanismProperties=<hidden>}, transportSettings=null, streamFactoryFactory=null, commandListeners=[], codecRegistry=ProvidersCodecRegistry{codecProviders=[ValueCodecProvider{}, BsonValueCodecProvider{}, DBRefCodecProvider{}, DBObjectCodecProvider{}, DocumentCodecProvider{}, CollectionCodecProvider{}, IterableCodecProvider{}, MapCodecProvider{}, GeoJsonCodecProvider{}, GridFSFileCodecProvider{}, Jsr310CodecProvider{}, JsonObjectCodecProvider{}, BsonCodecProvider{}, EnumCodecProvider{}, com.mongodb.client.model.mql.ExpressionCodecProvider@237b2852, com.mongodb.Jep395RecordCodecProvider@448cdb47, com.mongodb.KotlinCodecProvider@4628a02b]}, loggerSettings=LoggerSettings{maxDocumentLength=1000}, clusterSettings={hosts=[127.0.0.1:27017], srvHost=cluster0.upgiykb.mongodb.net, srvServiceName=mongodb, mode=MULTIPLE, requiredClusterType=REPLICA_SET, requiredReplicaSetName='atlas-11faf8-shard-0', serverSelector='null', clusterListeners='[]', serverSelectionTimeout='30000 ms', localThreshold='15 ms'}, socketSettings=SocketSettings{connectTimeoutMS=10000, readTimeoutMS=0, receiveBufferSize=0, proxySettings=ProxySettings{host=null, port=null, username=null, password=null}}, heartbeatSocketSettings=SocketSettings{connectTimeoutMS=10000, readTimeoutMS=10000, receiveBufferSize=0, proxySettings=ProxySettings{host=null, port=null, username=null, password=null}}, connectionPoolSettings=ConnectionPoolSettings{maxSize=100, minSize=0, maxWaitTimeMS=120000, maxConnectionLifeTimeMS=0, maxConnectionIdleTimeMS=0, maintenanceInitialDelayMS=0, maintenanceFrequencyMS=60000, connectionPoolListeners=[], maxConnecting=2}, serverSettings=ServerSettings{heartbeatFrequencyMS=10000, minHeartbeatFrequencyMS=500, serverListeners='[]', serverMonitorListeners='[]'}, sslSettings=SslSettings{enabled=true, invalidHostNameAllowed=false, context=null}, applicationName='Cluster', compressorList=[], uuidRepresentation=JAVA_LEGACY, serverApi=null, autoEncryptionSettings=null, dnsClient=null, inetAddressResolver=null, contextProvider=null}
12:41:43:018[main] INFO  org.mongodb.driver.cluster - No server chosen by WritableServerSelector from cluster description ClusterDescription{type=UNKNOWN, connectionMode=MULTIPLE, serverDescriptions=[]}. Waiting for 30000 ms before timing out
12:41:43:283[cluster-ClusterId{value='69ca222ec0256f38bdc973cd', description='Cluster'}-srv-cluster0.upgiykb.mongodb.net] INFO  org.mongodb.driver.cluster - Adding discovered server ac-0idlgkl-shard-00-01.upgiykb.mongodb.net:27017 to client view of cluster
12:41:43:328[cluster-ClusterId{value='69ca222ec0256f38bdc973cd', description='Cluster'}-srv-cluster0.upgiykb.mongodb.net] INFO  org.mongodb.driver.cluster - Adding discovered server ac-0idlgkl-shard-00-00.upgiykb.mongodb.net:27017 to client view of cluster
12:41:43:330[cluster-ClusterId{value='69ca222ec0256f38bdc973cd', description='Cluster'}-srv-cluster0.upgiykb.mongodb.net] INFO  org.mongodb.driver.cluster - Adding discovered server ac-0idlgkl-shard-00-02.upgiykb.mongodb.net:27017 to client view of cluster
12:41:44:155[cluster-ClusterId{value='69ca222ec0256f38bdc973cd', description='Cluster'}-ac-0idlgkl-shard-00-00.upgiykb.mongodb.net:27017] INFO  org.mongodb.driver.cluster - Monitor thread successfully connected to server with description ServerDescription{address=ac-0idlgkl-shard-00-00.upgiykb.mongodb.net:27017, type=REPLICA_SET_SECONDARY, state=CONNECTED, ok=true, minWireVersion=0, maxWireVersion=25, maxDocumentSize=16777216, logicalSessionTimeoutMinutes=30, roundTripTimeNanos=402056000, setName='atlas-11faf8-shard-0', canonicalAddress=ac-0idlgkl-shard-00-00.upgiykb.mongodb.net:27017, hosts=[ac-0idlgkl-shard-00-01.upgiykb.mongodb.net:27017, ac-0idlgkl-shard-00-02.upgiykb.mongodb.net:27017, ac-0idlgkl-shard-00-00.upgiykb.mongodb.net:27017], passives=[], arbiters=[], primary='ac-0idlgkl-shard-00-02.upgiykb.mongodb.net:27017', tagSet=TagSet{[Tag{name='availabilityZone', value='aps1-az1'}, Tag{name='diskState', value='READY'}, Tag{name='nodeType', value='ELECTABLE'}, Tag{name='provider', value='AWS'}, Tag{name='region', value='AP_SOUTH_1'}, Tag{name='workloadType', value='OPERATIONAL'}]}, electionId=null, setVersion=303, topologyVersion=TopologyVersion{processId=69b2e53aaf8e8609719d9651, counter=4}, lastWriteDate=Mon Mar 30 12:41:42 IST 2026, lastUpdateTimeNanos=344303987906000}
12:41:44:155[cluster-ClusterId{value='69ca222ec0256f38bdc973cd', description='Cluster'}-ac-0idlgkl-shard-00-01.upgiykb.mongodb.net:27017] INFO  org.mongodb.driver.cluster - Monitor thread successfully connected to server with description ServerDescription{address=ac-0idlgkl-shard-00-01.upgiykb.mongodb.net:27017, type=REPLICA_SET_SECONDARY, state=CONNECTED, ok=true, minWireVersion=0, maxWireVersion=25, maxDocumentSize=16777216, logicalSessionTimeoutMinutes=30, roundTripTimeNanos=411738600, setName='atlas-11faf8-shard-0', canonicalAddress=ac-0idlgkl-shard-00-01.upgiykb.mongodb.net:27017, hosts=[ac-0idlgkl-shard-00-01.upgiykb.mongodb.net:27017, ac-0idlgkl-shard-00-02.upgiykb.mongodb.net:27017, ac-0idlgkl-shard-00-00.upgiykb.mongodb.net:27017], passives=[], arbiters=[], primary='ac-0idlgkl-shard-00-02.upgiykb.mongodb.net:27017', tagSet=TagSet{[Tag{name='availabilityZone', value='aps1-az3'}, Tag{name='diskState', value='READY'}, Tag{name='nodeType', value='ELECTABLE'}, Tag{name='provider', value='AWS'}, Tag{name='region', value='AP_SOUTH_1'}, Tag{name='workloadType', value='OPERATIONAL'}]}, electionId=null, setVersion=303, topologyVersion=TopologyVersion{processId=69b2ea5ec02bb8b3d45d95f7, counter=3}, lastWriteDate=Mon Mar 30 12:41:42 IST 2026, lastUpdateTimeNanos=344303987871500}
12:41:44:155[cluster-ClusterId{value='69ca222ec0256f38bdc973cd', description='Cluster'}-ac-0idlgkl-shard-00-02.upgiykb.mongodb.net:27017] INFO  org.mongodb.driver.cluster - Monitor thread successfully connected to server with description ServerDescription{address=ac-0idlgkl-shard-00-02.upgiykb.mongodb.net:27017, type=REPLICA_SET_PRIMARY, state=CONNECTED, ok=true, minWireVersion=0, maxWireVersion=25, maxDocumentSize=16777216, logicalSessionTimeoutMinutes=30, roundTripTimeNanos=411788400, setName='atlas-11faf8-shard-0', canonicalAddress=ac-0idlgkl-shard-00-02.upgiykb.mongodb.net:27017, hosts=[ac-0idlgkl-shard-00-01.upgiykb.mongodb.net:27017, ac-0idlgkl-shard-00-02.upgiykb.mongodb.net:27017, ac-0idlgkl-shard-00-00.upgiykb.mongodb.net:27017], passives=[], arbiters=[], primary='ac-0idlgkl-shard-00-02.upgiykb.mongodb.net:27017', tagSet=TagSet{[Tag{name='availabilityZone', value='aps1-az2'}, Tag{name='diskState', value='READY'}, Tag{name='nodeType', value='ELECTABLE'}, Tag{name='provider', value='AWS'}, Tag{name='region', value='AP_SOUTH_1'}, Tag{name='workloadType', value='OPERATIONAL'}]}, electionId=7fffffff0000000000000145, setVersion=303, topologyVersion=TopologyVersion{processId=69b2e7e337361a771eadf7bb, counter=6}, lastWriteDate=Mon Mar 30 12:41:42 IST 2026, lastUpdateTimeNanos=344303987900100}
12:41:44:159[cluster-ClusterId{value='69ca222ec0256f38bdc973cd', description='Cluster'}-ac-0idlgkl-shard-00-02.upgiykb.mongodb.net:27017] INFO  org.mongodb.driver.cluster - Discovered replica set primary ac-0idlgkl-shard-00-02.upgiykb.mongodb.net:27017 with max election id 7fffffff0000000000000145 and max set version 303
12:41:47:441[main] INFO  o.s.s.web.DefaultSecurityFilterChain - Will secure any request with [org.springframework.security.web.session.DisableEncodeUrlFilter@234bfc8c, org.springframework.security.web.context.request.async.WebAsyncManagerIntegrationFilter@5008559a, org.springframework.security.web.context.SecurityContextHolderFilter@770cbe5d, org.springframework.security.web.header.HeaderWriterFilter@1afa048a, org.springframework.web.filter.CorsFilter@4c0bfe9e, org.springframework.security.web.authentication.logout.LogoutFilter@77d58f3a, net.parvkhandelwal.filter.JwtFilter@26f5e45d, org.springframework.security.web.savedrequest.RequestCacheAwareFilter@4d90d91f, org.springframework.security.web.servletapi.SecurityContextHolderAwareRequestFilter@c478e4e, org.springframework.security.web.authentication.AnonymousAuthenticationFilter@490fbeaa, org.springframework.security.web.session.SessionManagementFilter@74919649, org.springframework.security.web.access.ExceptionTranslationFilter@a1a72d4, org.springframework.security.web.access.intercept.AuthorizationFilter@f5f8de2]
12:41:47:951[main] INFO  o.a.coyote.http11.Http11NioProtocol - Starting ProtocolHandler ["http-nio-8081"]
12:41:47:965[main] INFO  o.s.b.w.e.tomcat.TomcatWebServer - Tomcat started on port 8081 (http) with context path ''
12:41:48:037[main] INFO  o.a.k.c.consumer.ConsumerConfig - ConsumerConfig values: 
	allow.auto.create.topics = true
	auto.commit.interval.ms = 5000
	auto.include.jmx.reporter = true
	auto.offset.reset = latest
	bootstrap.servers = [127.0.0.1:9092]
	check.crcs = true
	client.dns.lookup = use_all_dns_ips
	client.id = consumer-email-notification-group-1
	client.rack = 
	connections.max.idle.ms = 540000
	default.api.timeout.ms = 60000
	enable.auto.commit = false
	exclude.internal.topics = true
	fetch.max.bytes = 52428800
	fetch.max.wait.ms = 500
	fetch.min.bytes = 1
	group.id = email-notification-group
	group.instance.id = null
	heartbeat.interval.ms = 3000
	interceptor.classes = []
	internal.leave.group.on.close = true
	internal.throw.on.fetch.stable.offset.unsupported = false
	isolation.level = read_uncommitted
	key.deserializer = class org.apache.kafka.common.serialization.StringDeserializer
	max.partition.fetch.bytes = 1048576
	max.poll.interval.ms = 300000
	max.poll.records = 500
	metadata.max.age.ms = 300000
	metric.reporters = []
	metrics.num.samples = 2
	metrics.recording.level = INFO
	metrics.sample.window.ms = 30000
	partition.assignment.strategy = [class org.apache.kafka.clients.consumer.RangeAssignor, class org.apache.kafka.clients.consumer.CooperativeStickyAssignor]
	receive.buffer.bytes = 65536
	reconnect.backoff.max.ms = 1000
	reconnect.backoff.ms = 50
	request.timeout.ms = 30000
	retry.backoff.ms = 100
	sasl.client.callback.handler.class = null
	sasl.jaas.config = null
	sasl.kerberos.kinit.cmd = /usr/bin/kinit
	sasl.kerberos.min.time.before.relogin = 60000
	sasl.kerberos.service.name = null
	sasl.kerberos.ticket.renew.jitter = 0.05
	sasl.kerberos.ticket.renew.window.factor = 0.8
	sasl.login.callback.handler.class = null
	sasl.login.class = null
	sasl.login.connect.timeout.ms = null
	sasl.login.read.timeout.ms = null
	sasl.login.refresh.buffer.seconds = 300
	sasl.login.refresh.min.period.seconds = 60
	sasl.login.refresh.window.factor = 0.8
	sasl.login.refresh.window.jitter = 0.05
	sasl.login.retry.backoff.max.ms = 10000
	sasl.login.retry.backoff.ms = 100
	sasl.mechanism = GSSAPI
	sasl.oauthbearer.clock.skew.seconds = 30
	sasl.oauthbearer.expected.audience = null
	sasl.oauthbearer.expected.issuer = null
	sasl.oauthbearer.jwks.endpoint.refresh.ms = 3600000
	sasl.oauthbearer.jwks.endpoint.retry.backoff.max.ms = 10000
	sasl.oauthbearer.jwks.endpoint.retry.backoff.ms = 100
	sasl.oauthbearer.jwks.endpoint.url = null
	sasl.oauthbearer.scope.claim.name = scope
	sasl.oauthbearer.sub.claim.name = sub
	sasl.oauthbearer.token.endpoint.url = null
	security.protocol = PLAINTEXT
	security.providers = null
	send.buffer.bytes = 131072
	session.timeout.ms = 45000
	socket.connection.setup.timeout.max.ms = 30000
	socket.connection.setup.timeout.ms = 10000
	ssl.cipher.suites = null
	ssl.enabled.protocols = [TLSv1.2, TLSv1.3]
	ssl.endpoint.identification.algorithm = https
	ssl.engine.factory.class = null
	ssl.key.password = null
	ssl.keymanager.algorithm = SunX509
	ssl.keystore.certificate.chain = null
	ssl.keystore.key = null
	ssl.keystore.location = null
	ssl.keystore.password = null
	ssl.keystore.type = JKS
	ssl.protocol = TLSv1.3
	ssl.provider = null
	ssl.secure.random.implementation = null
	ssl.trustmanager.algorithm = PKIX
	ssl.truststore.certificates = null
	ssl.truststore.location = null
	ssl.truststore.password = null
	ssl.truststore.type = JKS
	value.deserializer = class org.apache.kafka.common.serialization.StringDeserializer

12:41:48:210[main] INFO  o.a.kafka.common.utils.AppInfoParser - Kafka version: 3.6.2
12:41:48:213[main] INFO  o.a.kafka.common.utils.AppInfoParser - Kafka commitId: c4deed513057c94e
12:41:48:213[main] INFO  o.a.kafka.common.utils.AppInfoParser - Kafka startTimeMs: 1774854708207
12:41:48:218[main] INFO  o.s.k.c.DefaultKafkaConsumerFactory$ExtendedKafkaConsumer - [Consumer clientId=consumer-email-notification-group-1, groupId=email-notification-group] Subscribed to topic(s): email-dispatch-queue
12:41:48:248[main] INFO  o.a.k.c.consumer.ConsumerConfig - ConsumerConfig values: 
	allow.auto.create.topics = true
	auto.commit.interval.ms = 5000
	auto.include.jmx.reporter = true
	auto.offset.reset = latest
	bootstrap.servers = [127.0.0.1:9092]
	check.crcs = true
	client.dns.lookup = use_all_dns_ips
	client.id = consumer-sentiment-analysis-group-2
	client.rack = 
	connections.max.idle.ms = 540000
	default.api.timeout.ms = 60000
	enable.auto.commit = false
	exclude.internal.topics = true
	fetch.max.bytes = 52428800
	fetch.max.wait.ms = 500
	fetch.min.bytes = 1
	group.id = sentiment-analysis-group
	group.instance.id = null
	heartbeat.interval.ms = 3000
	interceptor.classes = []
	internal.leave.group.on.close = true
	internal.throw.on.fetch.stable.offset.unsupported = false
	isolation.level = read_uncommitted
	key.deserializer = class org.apache.kafka.common.serialization.StringDeserializer
	max.partition.fetch.bytes = 1048576
	max.poll.interval.ms = 300000
	max.poll.records = 500
	metadata.max.age.ms = 300000
	metric.reporters = []
	metrics.num.samples = 2
	metrics.recording.level = INFO
	metrics.sample.window.ms = 30000
	partition.assignment.strategy = [class org.apache.kafka.clients.consumer.RangeAssignor, class org.apache.kafka.clients.consumer.CooperativeStickyAssignor]
	receive.buffer.bytes = 65536
	reconnect.backoff.max.ms = 1000
	reconnect.backoff.ms = 50
	request.timeout.ms = 30000
	retry.backoff.ms = 100
	sasl.client.callback.handler.class = null
	sasl.jaas.config = null
	sasl.kerberos.kinit.cmd = /usr/bin/kinit
	sasl.kerberos.min.time.before.relogin = 60000
	sasl.kerberos.service.name = null
	sasl.kerberos.ticket.renew.jitter = 0.05
	sasl.kerberos.ticket.renew.window.factor = 0.8
	sasl.login.callback.handler.class = null
	sasl.login.class = null
	sasl.login.connect.timeout.ms = null
	sasl.login.read.timeout.ms = null
	sasl.login.refresh.buffer.seconds = 300
	sasl.login.refresh.min.period.seconds = 60
	sasl.login.refresh.window.factor = 0.8
	sasl.login.refresh.window.jitter = 0.05
	sasl.login.retry.backoff.max.ms = 10000
	sasl.login.retry.backoff.ms = 100
	sasl.mechanism = GSSAPI
	sasl.oauthbearer.clock.skew.seconds = 30
	sasl.oauthbearer.expected.audience = null
	sasl.oauthbearer.expected.issuer = null
	sasl.oauthbearer.jwks.endpoint.refresh.ms = 3600000
	sasl.oauthbearer.jwks.endpoint.retry.backoff.max.ms = 10000
	sasl.oauthbearer.jwks.endpoint.retry.backoff.ms = 100
	sasl.oauthbearer.jwks.endpoint.url = null
	sasl.oauthbearer.scope.claim.name = scope
	sasl.oauthbearer.sub.claim.name = sub
	sasl.oauthbearer.token.endpoint.url = null
	security.protocol = PLAINTEXT
	security.providers = null
	send.buffer.bytes = 131072
	session.timeout.ms = 45000
	socket.connection.setup.timeout.max.ms = 30000
	socket.connection.setup.timeout.ms = 10000
	ssl.cipher.suites = null
	ssl.enabled.protocols = [TLSv1.2, TLSv1.3]
	ssl.endpoint.identification.algorithm = https
	ssl.engine.factory.class = null
	ssl.key.password = null
	ssl.keymanager.algorithm = SunX509
	ssl.keystore.certificate.chain = null
	ssl.keystore.key = null
	ssl.keystore.location = null
	ssl.keystore.password = null
	ssl.keystore.type = JKS
	ssl.protocol = TLSv1.3
	ssl.provider = null
	ssl.secure.random.implementation = null
	ssl.trustmanager.algorithm = PKIX
	ssl.truststore.certificates = null
	ssl.truststore.location = null
	ssl.truststore.password = null
	ssl.truststore.type = JKS
	value.deserializer = class org.apache.kafka.common.serialization.StringDeserializer

12:41:48:275[main] INFO  o.a.kafka.common.utils.AppInfoParser - Kafka version: 3.6.2
12:41:48:277[main] INFO  o.a.kafka.common.utils.AppInfoParser - Kafka commitId: c4deed513057c94e
12:41:48:277[main] INFO  o.a.kafka.common.utils.AppInfoParser - Kafka startTimeMs: 1774854708275
12:41:48:278[main] INFO  o.s.k.c.DefaultKafkaConsumerFactory$ExtendedKafkaConsumer - [Consumer clientId=consumer-sentiment-analysis-group-2, groupId=sentiment-analysis-group] Subscribed to topic(s): weekly-analysis-results
12:41:48:293[main] INFO  n.parvkhandelwal.JournalApplication - Started JournalApplication in 9.877 seconds (process running for 11.577)
12:41:48:770[org.springframework.kafka.KafkaListenerEndpointContainer#1-0-C-1] INFO  o.apache.kafka.clients.NetworkClient - [Consumer clientId=consumer-sentiment-analysis-group-2, groupId=sentiment-analysis-group] Node -1 disconnected.
12:41:48:770[org.springframework.kafka.KafkaListenerEndpointContainer#0-0-C-1] INFO  o.apache.kafka.clients.NetworkClient - [Consumer clientId=consumer-email-notification-group-1, groupId=email-notification-group] Node -1 disconnected.
12:41:48:773[org.springframework.kafka.KafkaListenerEndpointContainer#0-0-C-1] WARN  o.apache.kafka.clients.NetworkClient - [Consumer clientId=consumer-email-notification-group-1, groupId=email-notification-group] Connection to node -1 (/127.0.0.1:9092) could not be established. Broker may not be available.
12:41:48:773[org.springframework.kafka.KafkaListenerEndpointContainer#1-0-C-1] WARN  o.apache.kafka.clients.NetworkClient - [Consumer clientId=consumer-sentiment-analysis-group-2, groupId=sentiment-analysis-group] Connection to node -1 (/127.0.0.1:9092) could not be established. Broker may not be available.
12:41:48:773[org.springframework.kafka.KafkaListenerEndpointContainer#0-0-C-1] WARN  o.apache.kafka.clients.NetworkClient - [Consumer clientId=consumer-email-notification-group-1, groupId=email-notification-group] Bootstrap broker 127.0.0.1:9092 (id: -1 rack: null) disconnected
12:41:48:773[org.springframework.kafka.KafkaListenerEndpointContainer#1-0-C-1] WARN  o.apache.kafka.clients.NetworkClient - [Consumer clientId=consumer-sentiment-analysis-group-2, groupId=sentiment-analysis-group] Bootstrap broker 127.0.0.1:9092 (id: -1 rack: null) disconnected
12:41:48:882[org.springframework.kafka.KafkaListenerEndpointContainer#0-0-C-1] INFO  o.apache.kafka.clients.NetworkClient - [Consumer clientId=consumer-email-notification-group-1, groupId=email-notification-group] Node -1 disconnected.
12:41:48:882[org.springframework.kafka.KafkaListenerEndpointContainer#1-0-C-1] INFO  o.apache.kafka.clients.NetworkClient - [Consumer clientId=consumer-sentiment-analysis-group-2, groupId=sentiment-analysis-group] Node -1 disconnected.
12:41:48:882[org.springframework.kafka.KafkaListenerEndpointContainer#0-0-C-1] WARN  o.apache.kafka.clients.NetworkClient - [Consumer clientId=consumer-email-notification-group-1, groupId=email-notification-group] Connection to node -1 (/127.0.0.1:9092) could not be established. Broker may not be available.
12:41:48:882[org.springframework.kafka.KafkaListenerEndpointContainer#1-0-C-1] WARN  o.apache.kafka.clients.NetworkClient - [Consumer clientId=consumer-sentiment-analysis-group-2, groupId=sentiment-analysis-group] Connection to node -1 (/127.0.0.1:9092) could not be established. Broker may not be available.
12:41:48:882[org.springframework.kafka.KafkaListenerEndpointContainer#0-0-C-1] WARN  o.apache.kafka.clients.NetworkClient - [Consumer clientId=consumer-email-notification-group-1, groupId=email-notification-group] Bootstrap broker 127.0.0.1:9092 (id: -1 rack: null) disconnected
12:41:48:882[org.springframework.kafka.KafkaListenerEndpointContainer#1-0-C-1] WARN  o.apache.kafka.clients.NetworkClient - [Consumer clientId=consumer-sentiment-analysis-group-2, groupId=sentiment-analysis-group] Bootstrap broker 127.0.0.1:9092 (id: -1 rack: null) disconnected
12:41:48:992[org.springframework.kafka.KafkaListenerEndpointContainer#1-0-C-1] INFO  o.apache.kafka.clients.NetworkClient - [Consumer clientId=consumer-sentiment-analysis-group-2, groupId=sentiment-analysis-group] Node -1 disconnected.
12:41:48:993[org.springframework.kafka.KafkaListenerEndpointContainer#1-0-C-1] WARN  o.apache.kafka.clients.NetworkClient - [Consumer clientId=consumer-sentiment-analysis-group-2, groupId=sentiment-analysis-group] Connection to node -1 (/127.0.0.1:9092) could not be established. Broker may not be available.
12:41:48:993[org.springframework.kafka.KafkaListenerEndpointContainer#1-0-C-1] WARN  o.apache.kafka.clients.NetworkClient - [Consumer clientId=consumer-sentiment-analysis-group-2, groupId=sentiment-analysis-group] Bootstrap broker 127.0.0.1:9092 (id: -1 rack: null) disconnected
12:41:49:055[org.springframework.kafka.KafkaListenerEndpointContainer#0-0-C-1] INFO  o.apache.kafka.clients.NetworkClient - [Consumer clientId=consumer-email-notification-group-1, groupId=email-notification-group] Node -1 disconnected.
12:41:49:056[org.springframework.kafka.KafkaListenerEndpointContainer#0-0-C-1] WARN  o.apache.kafka.clients.NetworkClient - [Consumer clientId=consumer-email-notification-group-1, groupId=email-notification-group] Connection to node -1 (/127.0.0.1:9092) could not be established. Broker may not be available.
12:41:49:057[org.springframework.kafka.KafkaListenerEndpointContainer#0-0-C-1] WARN  o.apache.kafka.clients.NetworkClient - [Consumer clientId=consumer-email-notification-group-1, groupId=email-notification-group] Bootstrap broker 127.0.0.1:9092 (id: -1 rack: null) disconnected
12:41:49:214[org.springframework.kafka.KafkaListenerEndpointContainer#1-0-C-1] INFO  o.apache.kafka.clients.NetworkClient - [Consumer clientId=consumer-sentiment-analysis-group-2, groupId=sentiment-analysis-group] Node -1 disconnected.
12:41:49:214[org.springframework.kafka.KafkaListenerEndpointContainer#1-0-C-1] WARN  o.apache.kafka.clients.NetworkClient - [Consumer clientId=consumer-sentiment-analysis-group-2, groupId=sentiment-analysis-group] Connection to node -1 (/127.0.0.1:9092) could not be established. Broker may not be available.
12:41:49:214[org.springframework.kafka.KafkaListenerEndpointContainer#1-0-C-1] WARN  o.apache.kafka.clients.NetworkClient - [Consumer clientId=consumer-sentiment-analysis-group-2, groupId=sentiment-analysis-group] Bootstrap broker 127.0.0.1:9092 (id: -1 rack: null) disconnected
12:41:49:287[org.springframework.kafka.KafkaListenerEndpointContainer#0-0-C-1] INFO  o.apache.kafka.clients.NetworkClient - [Consumer clientId=consumer-email-notification-group-1, groupId=email-notification-group] Node -1 disconnected.
12:41:49:287[org.springframework.kafka.KafkaListenerEndpointContainer#0-0-C-1] WARN  o.apache.kafka.clients.NetworkClient - [Consumer clientId=consumer-email-notification-group-1, groupId=email-notification-group] Connection to node -1 (/127.0.0.1:9092) could not be established. Broker may not be available.
12:41:49:287[org.springframework.kafka.KafkaListenerEndpointContainer#0-0-C-1] WARN  o.apache.kafka.clients.NetworkClient - [Consumer clientId=consumer-email-notification-group-1, groupId=email-notification-group] Bootstrap broker 127.0.0.1:9092 (id: -1 rack: null) disconnected
12:41:49:706[org.springframework.kafka.KafkaListenerEndpointContainer#0-0-C-1] INFO  o.apache.kafka.clients.NetworkClient - [Consumer clientId=consumer-email-notification-group-1, groupId=email-notification-group] Node -1 disconnected.
12:41:49:706[org.springframework.kafka.KafkaListenerEndpointContainer#0-0-C-1] WARN  o.apache.kafka.clients.NetworkClient - [Consumer clientId=consumer-email-notification-group-1, groupId=email-notification-group] Connection to node -1 (/127.0.0.1:9092) could not be established. Broker may not be available.
12:41:49:706[org.springframework.kafka.KafkaListenerEndpointContainer#0-0-C-1] WARN  o.apache.kafka.clients.NetworkClient - [Consumer clientId=consumer-email-notification-group-1, groupId=email-notification-group] Bootstrap broker 127.0.0.1:9092 (id: -1 rack: null) disconnected
12:41:49:737[org.springframework.kafka.KafkaListenerEndpointContainer#1-0-C-1] INFO  o.apache.kafka.clients.NetworkClient - [Consumer clientId=consumer-sentiment-analysis-group-2, groupId=sentiment-analysis-group] Node -1 disconnected.
12:41:49:739[org.springframework.kafka.KafkaListenerEndpointContainer#1-0-C-1] WARN  o.apache.kafka.clients.NetworkClient - [Consumer clientId=consumer-sentiment-analysis-group-2, groupId=sentiment-analysis-group] Connection to node -1 (/127.0.0.1:9092) could not be established. Broker may not be available.
12:41:49:739[org.springframework.kafka.KafkaListenerEndpointContainer#1-0-C-1] WARN  o.apache.kafka.clients.NetworkClient - [Consumer clientId=consumer-sentiment-analysis-group-2, groupId=sentiment-analysis-group] Bootstrap broker 127.0.0.1:9092 (id: -1 rack: null) disconnected
12:41:50:533[org.springframework.kafka.KafkaListenerEndpointContainer#1-0-C-1] INFO  o.apache.kafka.clients.NetworkClient - [Consumer clientId=consumer-sentiment-analysis-group-2, groupId=sentiment-analysis-group] Node -1 disconnected.
12:41:50:533[org.springframework.kafka.KafkaListenerEndpointContainer#1-0-C-1] WARN  o.apache.kafka.clients.NetworkClient - [Consumer clientId=consumer-sentiment-analysis-group-2, groupId=sentiment-analysis-group] Connection to node -1 (/127.0.0.1:9092) could not be established. Broker may not be available.
12:41:50:533[org.springframework.kafka.KafkaListenerEndpointContainer#1-0-C-1] WARN  o.apache.kafka.clients.NetworkClient - [Consumer clientId=consumer-sentiment-analysis-group-2, groupId=sentiment-analysis-group] Bootstrap broker 127.0.0.1:9092 (id: -1 rack: null) disconnected
12:41:50:611[org.springframework.kafka.KafkaListenerEndpointContainer#0-0-C-1] INFO  o.apache.kafka.clients.NetworkClient - [Consumer clientId=consumer-email-notification-group-1, groupId=email-notification-group] Node -1 disconnected.
12:41:50:611[org.springframework.kafka.KafkaListenerEndpointContainer#0-0-C-1] WARN  o.apache.kafka.clients.NetworkClient - [Consumer clientId=consumer-email-notification-group-1, groupId=email-notification-group] Connection to node -1 (/127.0.0.1:9092) could not be established. Broker may not be available.
12:41:50:611[org.springframework.kafka.KafkaListenerEndpointContainer#0-0-C-1] WARN  o.apache.kafka.clients.NetworkClient - [Consumer clientId=consumer-email-notification-group-1, groupId=email-notification-group] Bootstrap broker 127.0.0.1:9092 (id: -1 rack: null) disconnected
12:41:51:612[org.springframework.kafka.KafkaListenerEndpointContainer#1-0-C-1] INFO  o.apache.kafka.clients.NetworkClient - [Consumer clientId=consumer-sentiment-analysis-group-2, groupId=sentiment-analysis-group] Node -1 disconnected.
12:41:51:612[org.springframework.kafka.KafkaListenerEndpointContainer#1-0-C-1] WARN  o.apache.kafka.clients.NetworkClient - [Consumer clientId=consumer-sentiment-analysis-group-2, groupId=sentiment-analysis-group] Connection to node -1 (/127.0.0.1:9092) could not be established. Broker may not be available.
12:41:51:612[org.springframework.kafka.KafkaListenerEndpointContainer#1-0-C-1] WARN  o.apache.kafka.clients.NetworkClient - [Consumer clientId=consumer-sentiment-analysis-group-2, groupId=sentiment-analysis-group] Bootstrap broker 127.0.0.1:9092 (id: -1 rack: null) disconnected
12:41:51:701[org.springframework.kafka.KafkaListenerEndpointContainer#0-0-C-1] INFO  o.apache.kafka.clients.NetworkClient - [Consumer clientId=consumer-email-notification-group-1, groupId=email-notification-group] Node -1 disconnected.
12:41:51:703[org.springframework.kafka.KafkaListenerEndpointContainer#0-0-C-1] WARN  o.apache.kafka.clients.NetworkClient - [Consumer clientId=consumer-email-notification-group-1, groupId=email-notification-group] Connection to node -1 (/127.0.0.1:9092) could not be established. Broker may not be available.
12:41:51:703[org.springframework.kafka.KafkaListenerEndpointContainer#0-0-C-1] WARN  o.apache.kafka.clients.NetworkClient - [Consumer clientId=consumer-email-notification-group-1, groupId=email-notification-group] Bootstrap broker 127.0.0.1:9092 (id: -1 rack: null) disconnected
12:41:52:746[org.springframework.kafka.KafkaListenerEndpointContainer#1-0-C-1] INFO  o.apache.kafka.clients.NetworkClient - [Consumer clientId=consumer-sentiment-analysis-group-2, groupId=sentiment-analysis-group] Node -1 disconnected.
12:41:52:746[org.springframework.kafka.KafkaListenerEndpointContainer#1-0-C-1] WARN  o.apache.kafka.clients.NetworkClient - [Consumer clientId=consumer-sentiment-analysis-group-2, groupId=sentiment-analysis-group] Connection to node -1 (/127.0.0.1:9092) could not be established. Broker may not be available.
12:41:52:746[org.springframework.kafka.KafkaListenerEndpointContainer#1-0-C-1] WARN  o.apache.kafka.clients.NetworkClient - [Consumer clientId=consumer-sentiment-analysis-group-2, groupId=sentiment-analysis-group] Bootstrap broker 127.0.0.1:9092 (id: -1 rack: null) disconnected
12:41:52:870[org.springframework.kafka.KafkaListenerEndpointContainer#0-0-C-1] INFO  o.apache.kafka.clients.NetworkClient - [Consumer clientId=consumer-email-notification-group-1, groupId=email-notification-group] Node -1 disconnected.
12:41:52:871[org.springframework.kafka.KafkaListenerEndpointContainer#0-0-C-1] WARN  o.apache.kafka.clients.NetworkClient - [Consumer clientId=consumer-email-notification-group-1, groupId=email-notification-group] Connection to node -1 (/127.0.0.1:9092) could not be established. Broker may not be available.
12:41:52:871[org.springframework.kafka.KafkaListenerEndpointContainer#0-0-C-1] WARN  o.apache.kafka.clients.NetworkClient - [Consumer clientId=consumer-email-notification-group-1, groupId=email-notification-group] Bootstrap broker 127.0.0.1:9092 (id: -1 rack: null) disconnected
12:41:53:715[org.springframework.kafka.KafkaListenerEndpointContainer#1-0-C-1] INFO  o.apache.kafka.clients.NetworkClient - [Consumer clientId=consumer-sentiment-analysis-group-2, groupId=sentiment-analysis-group] Node -1 disconnected.
12:41:53:715[org.springframework.kafka.KafkaListenerEndpointContainer#1-0-C-1] WARN  o.apache.kafka.clients.NetworkClient - [Consumer clientId=consumer-sentiment-analysis-group-2, groupId=sentiment-analysis-group] Connection to node -1 (/127.0.0.1:9092) could not be established. Broker may not be available.
12:41:53:715[org.springframework.kafka.KafkaListenerEndpointContainer#1-0-C-1] WARN  o.apache.kafka.clients.NetworkClient - [Consumer clientId=consumer-sentiment-analysis-group-2, groupId=sentiment-analysis-group] Bootstrap broker 127.0.0.1:9092 (id: -1 rack: null) disconnected
12:41:54:068[org.springframework.kafka.KafkaListenerEndpointContainer#0-0-C-1] INFO  o.apache.kafka.clients.NetworkClient - [Consumer clientId=consumer-email-notification-group-1, groupId=email-notification-group] Node -1 disconnected.
12:41:54:068[org.springframework.kafka.KafkaListenerEndpointContainer#0-0-C-1] WARN  o.apache.kafka.clients.NetworkClient - [Consumer clientId=consumer-email-notification-group-1, groupId=email-notification-group] Connection to node -1 (/127.0.0.1:9092) could not be established. Broker may not be available.
12:41:54:069[org.springframework.kafka.KafkaListenerEndpointContainer#0-0-C-1] WARN  o.apache.kafka.clients.NetworkClient - [Consumer clientId=consumer-email-notification-group-1, groupId=email-notification-group] Bootstrap broker 127.0.0.1:9092 (id: -1 rack: null) disconnected
12:41:54:736[org.springframework.kafka.KafkaListenerEndpointContainer#1-0-C-1] INFO  o.apache.kafka.clients.NetworkClient - [Consumer clientId=consumer-sentiment-analysis-group-2, groupId=sentiment-analysis-group] Node -1 disconnected.
12:41:54:737[org.springframework.kafka.KafkaListenerEndpointContainer#1-0-C-1] WARN  o.apache.kafka.clients.NetworkClient - [Consumer clientId=consumer-sentiment-analysis-group-2, groupId=sentiment-analysis-group] Connection to node -1 (/127.0.0.1:9092) could not be established. Broker may not be available.
12:41:54:737[org.springframework.kafka.KafkaListenerEndpointContainer#1-0-C-1] WARN  o.apache.kafka.clients.NetworkClient - [Consumer clientId=consumer-sentiment-analysis-group-2, groupId=sentiment-analysis-group] Bootstrap broker 127.0.0.1:9092 (id: -1 rack: null) disconnected
12:41:54:970[org.springframework.kafka.KafkaListenerEndpointContainer#0-0-C-1] INFO  o.apache.kafka.clients.NetworkClient - [Consumer clientId=consumer-email-notification-group-1, groupId=email-notification-group] Node -1 disconnected.
12:41:54:970[org.springframework.kafka.KafkaListenerEndpointContainer#0-0-C-1] WARN  o.apache.kafka.clients.NetworkClient - [Consumer clientId=consumer-email-notification-group-1, groupId=email-notification-group] Connection to node -1 (/127.0.0.1:9092) could not be established. Broker may not be available.
12:41:54:972[org.springframework.kafka.KafkaListenerEndpointContainer#0-0-C-1] WARN  o.apache.kafka.clients.NetworkClient - [Consumer clientId=consumer-email-notification-group-1, groupId=email-notification-group] Bootstrap broker 127.0.0.1:9092 (id: -1 rack: null) disconnected
12:41:55:967[org.springframework.kafka.KafkaListenerEndpointContainer#1-0-C-1] INFO  o.apache.kafka.clients.NetworkClient - [Consumer clientId=consumer-sentiment-analysis-group-2, groupId=sentiment-analysis-group] Node -1 disconnected.
12:41:55:968[org.springframework.kafka.KafkaListenerEndpointContainer#1-0-C-1] WARN  o.apache.kafka.clients.NetworkClient - [Consumer clientId=consumer-sentiment-analysis-group-2, groupId=sentiment-analysis-group] Connection to node -1 (/127.0.0.1:9092) could not be established. Broker may not be available.
12:41:55:968[org.springframework.kafka.KafkaListenerEndpointContainer#1-0-C-1] WARN  o.apache.kafka.clients.NetworkClient - [Consumer clientId=consumer-sentiment-analysis-group-2, groupId=sentiment-analysis-group] Bootstrap broker 127.0.0.1:9092 (id: -1 rack: null) disconnected
12:41:56:109[org.springframework.kafka.KafkaListenerEndpointContainer#0-0-C-1] INFO  o.apache.kafka.clients.NetworkClient - [Consumer clientId=consumer-email-notification-group-1, groupId=email-notification-group] Node -1 disconnected.
12:41:56:110[org.springframework.kafka.KafkaListenerEndpointContainer#0-0-C-1] WARN  o.apache.kafka.clients.NetworkClient - [Consumer clientId=consumer-email-notification-group-1, groupId=email-notification-group] Connection to node -1 (/127.0.0.1:9092) could not be established. Broker may not be available.
12:41:56:110[org.springframework.kafka.KafkaListenerEndpointContainer#0-0-C-1] WARN  o.apache.kafka.clients.NetworkClient - [Consumer clientId=consumer-email-notification-group-1, groupId=email-notification-group] Bootstrap broker 127.0.0.1:9092 (id: -1 rack: null) disconnected
12:41:57:158[org.springframework.kafka.KafkaListenerEndpointContainer#0-0-C-1] INFO  o.apache.kafka.clients.NetworkClient - [Consumer clientId=consumer-email-notification-group-1, groupId=email-notification-group] Node -1 disconnected.
12:41:57:158[org.springframework.kafka.KafkaListenerEndpointContainer#0-0-C-1] WARN  o.apache.kafka.clients.NetworkClient - [Consumer clientId=consumer-email-notification-group-1, groupId=email-notification-group] Connection to node -1 (/127.0.0.1:9092) could not be established. Broker may not be available.
12:41:57:158[org.springframework.kafka.KafkaListenerEndpointContainer#0-0-C-1] WARN  o.apache.kafka.clients.NetworkClient - [Consumer clientId=consumer-email-notification-group-1, groupId=email-notification-group] Bootstrap broker 127.0.0.1:9092 (id: -1 rack: null) disconnected
12:41:57:174[org.springframework.kafka.KafkaListenerEndpointContainer#1-0-C-1] INFO  o.apache.kafka.clients.NetworkClient - [Consumer clientId=consumer-sentiment-analysis-group-2, groupId=sentiment-analysis-group] Node -1 disconnected.
12:41:57:174[org.springframework.kafka.KafkaListenerEndpointContainer#1-0-C-1] WARN  o.apache.kafka.clients.NetworkClient - [Consumer clientId=consumer-sentiment-analysis-group-2, groupId=sentiment-analysis-group] Connection to node -1 (/127.0.0.1:9092) could not be established. Broker may not be available.
12:41:57:174[org.springframework.kafka.KafkaListenerEndpointContainer#1-0-C-1] WARN  o.apache.kafka.clients.NetworkClient - [Consumer clientId=consumer-sentiment-analysis-group-2, groupId=sentiment-analysis-group] Bootstrap broker 127.0.0.1:9092 (id: -1 rack: null) disconnected
12:41:58:293[org.springframework.kafka.KafkaListenerEndpointContainer#1-0-C-1] INFO  o.apache.kafka.clients.NetworkClient - [Consumer clientId=consumer-sentiment-analysis-group-2, groupId=sentiment-analysis-group] Node -1 disconnected.
12:41:58:294[org.springframework.kafka.KafkaListenerEndpointContainer#1-0-C-1] WARN  o.apache.kafka.clients.NetworkClient - [Consumer clientId=consumer-sentiment-analysis-group-2, groupId=sentiment-analysis-group] Connection to node -1 (/127.0.0.1:9092) could not be established. Broker may not be available.
12:41:58:294[org.springframework.kafka.KafkaListenerEndpointContainer#1-0-C-1] WARN  o.apache.kafka.clients.NetworkClient - [Consumer clientId=consumer-sentiment-analysis-group-2, groupId=sentiment-analysis-group] Bootstrap broker 127.0.0.1:9092 (id: -1 rack: null) disconnected
12:41:58:401[org.springframework.kafka.KafkaListenerEndpointContainer#0-0-C-1] INFO  o.apache.kafka.clients.NetworkClient - [Consumer clientId=consumer-email-notification-group-1, groupId=email-notification-group] Node -1 disconnected.
12:41:58:401[org.springframework.kafka.KafkaListenerEndpointContainer#0-0-C-1] WARN  o.apache.kafka.clients.NetworkClient - [Consumer clientId=consumer-email-notification-group-1, groupId=email-notification-group] Connection to node -1 (/127.0.0.1:9092) could not be established. Broker may not be available.
12:41:58:401[org.springframework.kafka.KafkaListenerEndpointContainer#0-0-C-1] WARN  o.apache.kafka.clients.NetworkClient - [Consumer clientId=consumer-email-notification-group-1, groupId=email-notification-group] Bootstrap broker 127.0.0.1:9092 (id: -1 rack: null) disconnected
12:41:59:495[org.springframework.kafka.KafkaListenerEndpointContainer#0-0-C-1] INFO  o.apache.kafka.clients.NetworkClient - [Consumer clientId=consumer-email-notification-group-1, groupId=email-notification-group] Node -1 disconnected.
12:41:59:494[org.springframework.kafka.KafkaListenerEndpointContainer#1-0-C-1] INFO  o.apache.kafka.clients.NetworkClient - [Consumer clientId=consumer-sentiment-analysis-group-2, groupId=sentiment-analysis-group] Node -1 disconnected.
12:41:59:495[org.springframework.kafka.KafkaListenerEndpointContainer#0-0-C-1] WARN  o.apache.kafka.clients.NetworkClient - [Consumer clientId=consumer-email-notification-group-1, groupId=email-notification-group] Connection to node -1 (/127.0.0.1:9092) could not be established. Broker may not be available.
12:41:59:495[org.springframework.kafka.KafkaListenerEndpointContainer#1-0-C-1] WARN  o.apache.kafka.clients.NetworkClient - [Consumer clientId=consumer-sentiment-analysis-group-2, groupId=sentiment-analysis-group] Connection to node -1 (/127.0.0.1:9092) could not be established. Broker may not be available.
12:41:59:495[org.springframework.kafka.KafkaListenerEndpointContainer#0-0-C-1] WARN  o.apache.kafka.clients.NetworkClient - [Consumer clientId=consumer-email-notification-group-1, groupId=email-notification-group] Bootstrap broker 127.0.0.1:9092 (id: -1 rack: null) disconnected
12:41:59:495[org.springframework.kafka.KafkaListenerEndpointContainer#1-0-C-1] WARN  o.apache.kafka.clients.NetworkClient - [Consumer clientId=consumer-sentiment-analysis-group-2, groupId=sentiment-analysis-group] Bootstrap broker 127.0.0.1:9092 (id: -1 rack: null) disconnected
